0 info it worked if it ends with ok
1 verbose cli [ '/home/kate/.nvm/versions/node/v6.9.0/bin/node',
1 verbose cli   '/home/kate/.nvm/versions/node/v6.9.0/bin/npm',
1 verbose cli   'run',
1 verbose cli   'deploy' ]
2 info using npm@3.10.8
3 info using node@v6.9.0
4 verbose run-script [ 'predeploy', 'deploy', 'postdeploy' ]
5 info lifecycle archive-app@1.0.0~predeploy: archive-app@1.0.0
6 silly lifecycle archive-app@1.0.0~predeploy: no script for predeploy, continuing
7 info lifecycle archive-app@1.0.0~deploy: archive-app@1.0.0
8 verbose lifecycle archive-app@1.0.0~deploy: unsafe-perm in lifecycle true
9 verbose lifecycle archive-app@1.0.0~deploy: PATH: /home/kate/.nvm/versions/node/v6.9.0/lib/node_modules/npm/bin/node-gyp-bin:/home/kate/EDA-workspace/Archive/archive-app/node_modules/.bin:/usr/local/heroku/bin:/home/kate/.nvm/versions/node/v6.9.0/bin:/usr/local/sbin:/usr/local/bin:/usr/sbin:/usr/bin:/sbin:/bin:/usr/games:/usr/local/games
10 verbose lifecycle archive-app@1.0.0~deploy: CWD: /home/kate/EDA-workspace/Archive/archive-app
11 silly lifecycle archive-app@1.0.0~deploy: Args: [ '-c', 'npm run build && npm run dist && npm run push' ]
12 silly lifecycle archive-app@1.0.0~deploy: Returned: code: 1  signal: null
13 info lifecycle archive-app@1.0.0~deploy: Failed to exec deploy script
14 verbose stack Error: archive-app@1.0.0 deploy: `npm run build && npm run dist && npm run push`
14 verbose stack Exit status 1
14 verbose stack     at EventEmitter.<anonymous> (/home/kate/.nvm/versions/node/v6.9.0/lib/node_modules/npm/lib/utils/lifecycle.js:255:16)
14 verbose stack     at emitTwo (events.js:106:13)
14 verbose stack     at EventEmitter.emit (events.js:191:7)
14 verbose stack     at ChildProcess.<anonymous> (/home/kate/.nvm/versions/node/v6.9.0/lib/node_modules/npm/lib/utils/spawn.js:40:14)
14 verbose stack     at emitTwo (events.js:106:13)
14 verbose stack     at ChildProcess.emit (events.js:191:7)
14 verbose stack     at maybeClose (internal/child_process.js:877:16)
14 verbose stack     at Process.ChildProcess._handle.onexit (internal/child_process.js:226:5)
15 verbose pkgid archive-app@1.0.0
16 verbose cwd /home/kate/EDA-workspace/Archive/archive-app
17 error Linux 3.19.0-74-generic
18 error argv "/home/kate/.nvm/versions/node/v6.9.0/bin/node" "/home/kate/.nvm/versions/node/v6.9.0/bin/npm" "run" "deploy"
19 error node v6.9.0
20 error npm  v3.10.8
21 error code ELIFECYCLE
22 error archive-app@1.0.0 deploy: `npm run build && npm run dist && npm run push`
22 error Exit status 1
23 error Failed at the archive-app@1.0.0 deploy script 'npm run build && npm run dist && npm run push'.
23 error Make sure you have the latest version of node.js and npm installed.
23 error If you do, this is most likely a problem with the archive-app package,
23 error not with npm itself.
23 error Tell the author that this fails on your system:
23 error     npm run build && npm run dist && npm run push
23 error You can get information on how to open an issue for this project with:
23 error     npm bugs archive-app
23 error Or if that isn't available, you can get their info via:
23 error     npm owner ls archive-app
23 error There is likely additional logging output above.
24 verbose exit [ 1, true ]
